2022-02-02T11:04:32,071 WARN  [Crawler 1] SimpleRobotRulesParser(573): Problem processing robots.txt for https://uk.wikipedia.org/robots.txt
2022-02-02T11:04:32,072 WARN  [Crawler 1] SimpleRobotRulesParser(583): 	 Unknown line in robots.txt file (size 16111): /wiki/%D0%92%D1%96%D0%BA%D1%96%D0%BF%D0%B5%D0%B4%D1%96%D1%8F:%D0%92%D0%B8%D0%B1%D0%BE%D1%80%D0%B8_%D0%B0%D1%80%D0%B1%D1%96%D1%82%D1%80%D1%96%D0%B2
2022-02-02T11:04:32,073 WARN  [Crawler 1] SimpleRobotRulesParser(583): 	 Unknown line in robots.txt file (size 16111): /wiki/%D0%92%D1%96%D0%BA%D1%96%D0%BF%D0%B5%D0%B4%D1%96%D1%8F:%D0%97%D0%B0%D0%BF%D0%B8%D1%82%D0%B8_%D0%B4%D0%BE_%D0%B0%D0%B4%D0%BC%D1%96%D0%BD%D1%96%D1%81%D1%82%D1%80%D0%B0%D1%82%D0%BE%D1%80%D1%96%D0%B2
2022-02-02T11:04:35,538 WARN  [Crawler 1] SimpleRobotRulesParser(573): Problem processing robots.txt for https://it.wikipedia.org/robots.txt
2022-02-02T11:04:35,539 WARN  [Crawler 1] SimpleRobotRulesParser(583): 	 Error parsing robots rules - can't decode path: /wiki/MediaWiki%3Titleblacklist
2022-02-02T11:04:57,021 WARN  [Crawler 8] WebCrawler(229): Skipping URL: https://www.ivw.eu/aw/print/qa/titel/2952?quartal%5B20213%5D=20213&quartal%5B20214%5D=20214, StatusCode: 404, text/html; charset=iso-8859-1, Not Found
2022-02-02T11:04:58,341 WARN  [Crawler 4] RobotstxtServer(151): Can't read this robots.txt: https://gruppe.spiegel.de/journalismus/medien/spiegel-veranstaltungen/  as it is not written in plain text, contentType: text/html; charset=utf-8
2022-02-02T11:05:03,292 WARN  [Crawler 6] RobotstxtServer(151): Can't read this robots.txt: https://www.dnn.de/  as it is not written in plain text, contentType: text/html; charset=UTF-8
2022-02-02T11:05:05,209 WARN  [Crawler 5] RobotstxtServer(151): Can't read this robots.txt: https://www.atrada.de/tomorrow-focus/  as it is not written in plain text, contentType: text/html; charset=UTF-8
2022-02-02T11:05:10,294 WARN  [Crawler 6] SimpleRobotRulesParser(573): Problem processing robots.txt for https://lccn.loc.gov/robots.txt
2022-02-02T11:05:10,294 WARN  [Crawler 6] SimpleRobotRulesParser(583): 	 Unknown line in robots.txt file (size 42): <robots>User-agent: *
2022-02-02T11:05:10,468 WARN  [Crawler 7] WebCrawler(229): Skipping URL: https://www.zdf.de/assets/manuskript-fragwuerdige-empfehlungen-fuer-aerzte-100~original, StatusCode: 410, application/json;charset=UTF-8, Gone
2022-02-02T11:05:15,067 WARN  [Crawler 7] RobotstxtServer(151): Can't read this robots.txt: https://www.auswaertiges-amt.de/robots.txt  as it is not written in plain text, contentType: null
2022-02-02T11:05:21,635 WARN  [Crawler 4] RobotstxtServer(151): Can't read this robots.txt: https://www.manager-magazin.de/harvard/  as it is not written in plain text, contentType: text/html; charset=utf-8
2022-02-02T11:05:29,709 WARN  [Crawler 4] RobotstxtServer(151): Can't read this robots.txt: https://www.spiegel.de/magazine  as it is not written in plain text, contentType: text/html; charset=utf-8
2022-02-02T11:05:30,665 WARN  [Crawler 3] WebCrawler(229): Skipping URL: https://www.miles-and-more.com/de/de/program/partners/holidaycheck.html/, StatusCode: 403, text/html, Forbidden
2022-02-02T11:05:31,954 WARN  [Crawler 4] SimpleRobotRulesParser(573): Problem processing robots.txt for https://twitter.com/robots.txt
2022-02-02T11:05:31,955 WARN  [Crawler 4] SimpleRobotRulesParser(583): 	 Unknown line in robots.txt file (size 2877): Noindex: /i/u
2022-02-02T11:05:41,300 WARN  [Crawler 6] RobotstxtServer(151): Can't read this robots.txt: https://www.stifterverband.org/austauschprozesse  as it is not written in plain text, contentType: text/html; charset=utf-8
2022-02-02T11:05:43,384 WARN  [Crawler 2] RobotstxtServer(151): Can't read this robots.txt: https://browsehappy.com/robots.txt/  as it is not written in plain text, contentType: text/html; charset=UTF-8
2022-02-02T11:05:47,964 WARN  [Crawler 7] RobotstxtServer(151): Can't read this robots.txt: https://www.focus-shop.de/magazin/focus-spezial.html?burda_topics_focus_spezial=55721  as it is not written in plain text, contentType: text/html; charset=UTF-8
2022-02-02T11:06:21,198 WARN  [Crawler 8] RobotstxtServer(151): Can't read this robots.txt: https://www.colonialwilliamsburg.org/learn/research-and-education/  as it is not written in plain text, contentType: text/html; charset=utf-8
2022-02-02T11:06:31,923 WARN  [Crawler 8] RobotstxtServer(151): Can't read this robots.txt: https://wikitech.wikimedia.org/wiki/Portal:Toolforge  as it is not written in plain text, contentType: text/html; charset=UTF-8
2022-02-02T11:06:43,352 WARN  [Crawler 3] SimpleRobotRulesParser(573): Problem processing robots.txt for https://hls-dhs-dss.ch/robots.txt
2022-02-02T11:06:43,353 WARN  [Crawler 3] SimpleRobotRulesParser(583): 	 Unknown line in robots.txt file (size 2520): Noindex: /xwiki/
2022-02-02T11:06:43,353 WARN  [Crawler 3] SimpleRobotRulesParser(583): 	 Unknown line in robots.txt file (size 2520): Noindex: /bin/
2022-02-02T11:06:43,354 WARN  [Crawler 3] SimpleRobotRulesParser(583): 	 Unknown line in robots.txt file (size 2520): Noindex: /en/
2022-02-02T11:06:43,354 WARN  [Crawler 3] SimpleRobotRulesParser(583): 	 Unknown line in robots.txt file (size 2520): Noindex: /viewattachrev/
2022-02-02T11:06:58,955 WARN  [Crawler 1] RobotstxtServer(151): Can't read this robots.txt: https://link.springer.com/robots.txt  as it is not written in plain text, contentType: null
2022-02-02T11:07:07,807 WARN  [Crawler 2] RobotstxtServer(151): Can't read this robots.txt: https://www.encyclopediasindhiana.org/robots.txt  as it is not written in plain text, contentType: text/html; charset=UTF-8
2022-02-02T11:07:08,671 WARN  [Crawler 7] RobotstxtServer(151): Can't read this robots.txt: https://www.ardmediathek.de/robots.txt  as it is not written in plain text, contentType: application/octet-stream
2022-02-02T11:07:16,687 WARN  [Crawler 6] RobotstxtServer(151): Can't read this robots.txt: https://www.bvmw.de/404-fehler/  as it is not written in plain text, contentType: text/html; charset=utf-8
2022-02-02T11:07:19,042 WARN  [Crawler 1] WebCrawler(269): Unhandled exception while fetching http://collectie.boijmans.nl/en/object/127762: collectie.boijmans.nl: Zu diesem Hostnamen gehört keine Adresse
2022-02-02T11:07:30,462 WARN  [Crawler 8] RobotstxtServer(151): Can't read this robots.txt: https://data.bls.gov/robots.txt  as it is not written in plain text, contentType: text/html
2022-02-02T11:07:37,893 WARN  [Crawler 7] RobotstxtServer(151): Can't read this robots.txt: https://www.deutschlandradio.de/  as it is not written in plain text, contentType: text/html; charset=utf-8
2022-02-02T11:07:38,549 WARN  [Crawler 8] RobotstxtServer(151): Can't read this robots.txt: https://eu.usatoday.com/robots.txt  as it is not written in plain text, contentType: text/html; charset=utf-8
2022-02-02T11:07:53,372 WARN  [Crawler 7] RobotstxtServer(151): Can't read this robots.txt: https://www.spiegel.de/magazine  as it is not written in plain text, contentType: text/html; charset=utf-8
2022-02-02T11:08:00,382 WARN  [Crawler 6] RobotstxtServer(151): Can't read this robots.txt: http://www.bundespraesident.de/robots.txt  as it is not written in plain text, contentType: text/html; charset=utf-8
2022-02-02T11:08:16,340 WARN  [Crawler 6] RobotstxtServer(151): Can't read this robots.txt: http://www.bundesverfassungsgericht.de/robots.txt  as it is not written in plain text, contentType: text/html; charset=utf-8
2022-02-02T11:08:19,888 WARN  [Crawler 6] RobotstxtServer(151): Can't read this robots.txt: http://www.protokoll-inland.de/robots.txt  as it is not written in plain text, contentType: text/html; charset=utf-8
2022-02-02T11:08:27,509 WARN  [Crawler 1] RobotstxtServer(151): Can't read this robots.txt: http://yvesdore.com/  as it is not written in plain text, contentType: text/html
2022-02-02T11:08:42,507 WARN  [Crawler 2] RobotstxtServer(151): Can't read this robots.txt: https://www.uni-greifswald.de/robots.txt  as it is not written in plain text, contentType: application/octet-stream
2022-02-02T11:08:47,722 WARN  [Crawler 8] RobotstxtServer(151): Can't read this robots.txt: http://www.kalami.net/robots.txt  as it is not written in plain text, contentType: text/html; charset=UTF-8
2022-02-02T11:09:13,159 WARN  [Crawler 8] RobotstxtServer(151): Can't read this robots.txt: https://dip.bundestag.de/  as it is not written in plain text, contentType: text/html; charset=UTF-8
2022-02-02T11:09:54,792 WARN  [Crawler 8] RobotstxtServer(151): Can't read this robots.txt: https://www.auswaertiges-amt.de/robots.txt  as it is not written in plain text, contentType: null
2022-02-02T11:09:57,348 WARN  [Crawler 5] RobotstxtServer(108): RobotstxtServer: default: allow for //meta.wikimedia.org/w/load.php"});mw.loader.register([["site","19l0v",[1]],["site.styles","tyms2",[],2],["filepage","g5bm6"],["user","s1wiu",[],0],["user.styles","smrj4",[],0],["user.options","1i9g4",[],1],[
2022-02-02T11:10:14,954 WARN  [Crawler 2] RobotstxtServer(151): Can't read this robots.txt: https://www.jewishvirtuallibrary.org/robots.txt  as it is not written in plain text, contentType: text/html; charset=UTF-8
2022-02-02T11:10:23,013 WARN  [Crawler 2] RobotstxtServer(151): Can't read this robots.txt: https://www.loc.gov/collections/world-digital-library/about-this-collection/  as it is not written in plain text, contentType: text/html; charset=UTF-8
2022-02-02T11:10:24,518 WARN  [Crawler 3] RobotstxtServer(151): Can't read this robots.txt: https://www.bundesfinanzministerium.de/robots.txt  as it is not written in plain text, contentType: text/html;charset=utf-8
2022-02-02T11:10:29,102 WARN  [Crawler 2] RobotstxtServer(151): Can't read this robots.txt: https://press.tau.ac.il/robots.txt  as it is not written in plain text, contentType: text/html
2022-02-02T11:10:41,567 WARN  [Crawler 3] WebCrawler(229): Skipping URL: https://xtools.wmflabs.org/articleinfo-authorship/de.wikipedia.org/HolidayCheck_Group?uselang=de, StatusCode: 403, text/html; charset=iso-8859-1, Forbidden
2022-02-02T11:10:43,151 WARN  [Crawler 2] RobotstxtServer(151): Can't read this robots.txt: https://validate.perfdrive.com/?ssa=fb6429d9-dcbc-42e3-816d-35662c30b0bb&ssb=10226283371&ssc=https%3A%2F%2Fiopscience.iop.org%2Frobots.txt&ssi=187b6513-8427-4b85-90bc-318d55ebe0fc&ssk=support@shieldsquare.com&ssm=09819152530240429107139617455625&ssn=b054fffdd52f38f1a20d7558c73b7537fead94110f0a-9bc7-4db1-afbb87&sso=044f0a51-2eeea9ed6e5e93ec92111174a753ac43eea3c04e5b8ab122&ssp=89928471711643725220164372560513156&ssq=81902549664227341197596642747627718482220&ssr=MTQ5LjE3Mi4yNDQuNzE=&sst=crawler4j%20(https://github.com/rzo1/crawler4j/)&ssv&ssw&ssx=W10=  as it is not written in plain text, contentType: text/html; charset=UTF-8
2022-02-02T11:10:53,518 WARN  [Crawler 3] SimpleRobotRulesParser(573): Problem processing robots.txt for https://twitter.com/robots.txt
2022-02-02T11:10:53,518 WARN  [Crawler 3] SimpleRobotRulesParser(583): 	 Unknown line in robots.txt file (size 2877): Noindex: /i/u
