2022-02-02T11:04:59,458 ERROR [Crawler 2] RobotstxtServer(173): Error occurred while fetching (robots) url: http://"__tcfapilocator",r.body.appendchild/robots.txt
java.lang.IllegalArgumentException: Illegal character in authority at index 7: http://"__tcfapilocator",r.body.appendchild/robots.txt
	at java.net.URI.create(URI.java:906) ~[?:?]
	at org.apache.hc.client5.http.classic.methods.HttpGet.<init>(HttpGet.java:60) ~[httpclient5-5.1.2.jar:5.1.2]
	at edu.uci.ics.crawler4j.fetcher.PageFetcher.newHttpUriRequest(PageFetcher.java:343) ~[crawler4j-core-4.8.0-SNAPSHOT.jar:?]
	at edu.uci.ics.crawler4j.fetcher.PageFetcher.fetchPage(PageFetcher.java:256) ~[crawler4j-core-4.8.0-SNAPSHOT.jar:?]
	at edu.uci.ics.crawler4j.robotstxt.RobotstxtServer.fetchDirectives(RobotstxtServer.java:124) [crawler4j-core-4.8.0-SNAPSHOT.jar:?]
	at edu.uci.ics.crawler4j.robotstxt.RobotstxtServer.allows(RobotstxtServer.java:99) [crawler4j-core-4.8.0-SNAPSHOT.jar:?]
	at edu.uci.ics.crawler4j.crawler.WebCrawler.processPage(WebCrawler.java:528) [crawler4j-core-4.8.0-SNAPSHOT.jar:?]
	at edu.uci.ics.crawler4j.crawler.WebCrawler.run(WebCrawler.java:338) [crawler4j-core-4.8.0-SNAPSHOT.jar:?]
	at java.lang.Thread.run(Thread.java:833) [?:?]
Caused by: java.net.URISyntaxException: Illegal character in authority at index 7: http://"__tcfapilocator",r.body.appendchild/robots.txt
	at java.net.URI$Parser.fail(URI.java:2974) ~[?:?]
	at java.net.URI$Parser.parseAuthority(URI.java:3308) ~[?:?]
	at java.net.URI$Parser.parseHierarchical(URI.java:3219) ~[?:?]
	at java.net.URI$Parser.parse(URI.java:3175) ~[?:?]
	at java.net.URI.<init>(URI.java:623) ~[?:?]
	at java.net.URI.create(URI.java:904) ~[?:?]
	... 8 more
2022-02-02T11:05:13,366 ERROR [Crawler 2] RobotstxtServer(173): Error occurred while fetching (robots) url: http://}),window.datalayer.push/robots.txt
java.lang.IllegalArgumentException: Illegal character in authority at index 7: http://}),window.datalayer.push/robots.txt
	at java.net.URI.create(URI.java:906) ~[?:?]
	at org.apache.hc.client5.http.classic.methods.HttpGet.<init>(HttpGet.java:60) ~[httpclient5-5.1.2.jar:5.1.2]
	at edu.uci.ics.crawler4j.fetcher.PageFetcher.newHttpUriRequest(PageFetcher.java:343) ~[crawler4j-core-4.8.0-SNAPSHOT.jar:?]
	at edu.uci.ics.crawler4j.fetcher.PageFetcher.fetchPage(PageFetcher.java:256) ~[crawler4j-core-4.8.0-SNAPSHOT.jar:?]
	at edu.uci.ics.crawler4j.robotstxt.RobotstxtServer.fetchDirectives(RobotstxtServer.java:124) [crawler4j-core-4.8.0-SNAPSHOT.jar:?]
	at edu.uci.ics.crawler4j.robotstxt.RobotstxtServer.allows(RobotstxtServer.java:99) [crawler4j-core-4.8.0-SNAPSHOT.jar:?]
	at edu.uci.ics.crawler4j.crawler.WebCrawler.processPage(WebCrawler.java:528) [crawler4j-core-4.8.0-SNAPSHOT.jar:?]
	at edu.uci.ics.crawler4j.crawler.WebCrawler.run(WebCrawler.java:338) [crawler4j-core-4.8.0-SNAPSHOT.jar:?]
	at java.lang.Thread.run(Thread.java:833) [?:?]
Caused by: java.net.URISyntaxException: Illegal character in authority at index 7: http://}),window.datalayer.push/robots.txt
	at java.net.URI$Parser.fail(URI.java:2974) ~[?:?]
	at java.net.URI$Parser.parseAuthority(URI.java:3308) ~[?:?]
	at java.net.URI$Parser.parseHierarchical(URI.java:3219) ~[?:?]
	at java.net.URI$Parser.parse(URI.java:3175) ~[?:?]
	at java.net.URI.<init>(URI.java:623) ~[?:?]
	at java.net.URI.create(URI.java:904) ~[?:?]
	... 8 more
2022-02-02T11:05:15,767 ERROR [Crawler 2] RobotstxtServer(173): Error occurred while fetching (robots) url: http://"iframe")).style.csstext/robots.txt
java.lang.IllegalArgumentException: Illegal character in authority at index 7: http://"iframe")).style.csstext/robots.txt
	at java.net.URI.create(URI.java:906) ~[?:?]
	at org.apache.hc.client5.http.classic.methods.HttpGet.<init>(HttpGet.java:60) ~[httpclient5-5.1.2.jar:5.1.2]
	at edu.uci.ics.crawler4j.fetcher.PageFetcher.newHttpUriRequest(PageFetcher.java:343) ~[crawler4j-core-4.8.0-SNAPSHOT.jar:?]
	at edu.uci.ics.crawler4j.fetcher.PageFetcher.fetchPage(PageFetcher.java:256) ~[crawler4j-core-4.8.0-SNAPSHOT.jar:?]
	at edu.uci.ics.crawler4j.robotstxt.RobotstxtServer.fetchDirectives(RobotstxtServer.java:124) [crawler4j-core-4.8.0-SNAPSHOT.jar:?]
	at edu.uci.ics.crawler4j.robotstxt.RobotstxtServer.allows(RobotstxtServer.java:99) [crawler4j-core-4.8.0-SNAPSHOT.jar:?]
	at edu.uci.ics.crawler4j.crawler.WebCrawler.processPage(WebCrawler.java:528) [crawler4j-core-4.8.0-SNAPSHOT.jar:?]
	at edu.uci.ics.crawler4j.crawler.WebCrawler.run(WebCrawler.java:338) [crawler4j-core-4.8.0-SNAPSHOT.jar:?]
	at java.lang.Thread.run(Thread.java:833) [?:?]
Caused by: java.net.URISyntaxException: Illegal character in authority at index 7: http://"iframe")).style.csstext/robots.txt
	at java.net.URI$Parser.fail(URI.java:2974) ~[?:?]
	at java.net.URI$Parser.parseAuthority(URI.java:3308) ~[?:?]
	at java.net.URI$Parser.parseHierarchical(URI.java:3219) ~[?:?]
	at java.net.URI$Parser.parse(URI.java:3175) ~[?:?]
	at java.net.URI.<init>(URI.java:623) ~[?:?]
	at java.net.URI.create(URI.java:904) ~[?:?]
	... 8 more
2022-02-02T11:05:30,167 ERROR [Crawler 7] RobotstxtServer(168): Error occurred while fetching (robots) url: http:/de/news/robots.txt/
org.apache.hc.client5.http.ClientProtocolException: Target host is not specified
	at org.apache.hc.client5.http.impl.classic.InternalHttpClient.doExecute(InternalHttpClient.java:173) ~[httpclient5-5.1.2.jar:5.1.2]
	at org.apache.hc.client5.http.impl.classic.CloseableHttpClient.execute(CloseableHttpClient.java:75) ~[httpclient5-5.1.2.jar:5.1.2]
	at org.apache.hc.client5.http.impl.classic.CloseableHttpClient.execute(CloseableHttpClient.java:89) ~[httpclient5-5.1.2.jar:5.1.2]
	at edu.uci.ics.crawler4j.fetcher.PageFetcher.fetchPage(PageFetcher.java:268) ~[crawler4j-core-4.8.0-SNAPSHOT.jar:?]
	at edu.uci.ics.crawler4j.robotstxt.RobotstxtServer.fetchDirectives(RobotstxtServer.java:124) [crawler4j-core-4.8.0-SNAPSHOT.jar:?]
	at edu.uci.ics.crawler4j.robotstxt.RobotstxtServer.allows(RobotstxtServer.java:99) [crawler4j-core-4.8.0-SNAPSHOT.jar:?]
	at edu.uci.ics.crawler4j.crawler.WebCrawler.processPage(WebCrawler.java:528) [crawler4j-core-4.8.0-SNAPSHOT.jar:?]
	at edu.uci.ics.crawler4j.crawler.WebCrawler.run(WebCrawler.java:338) [crawler4j-core-4.8.0-SNAPSHOT.jar:?]
	at java.lang.Thread.run(Thread.java:833) [?:?]
Caused by: org.apache.hc.core5.http.ProtocolException: Target host is not specified
	at org.apache.hc.client5.http.impl.routing.DefaultRoutePlanner.determineRoute(DefaultRoutePlanner.java:65) ~[httpclient5-5.1.2.jar:5.1.2]
	at org.apache.hc.client5.http.impl.classic.InternalHttpClient.determineRoute(InternalHttpClient.java:120) ~[httpclient5-5.1.2.jar:5.1.2]
	at org.apache.hc.client5.http.impl.classic.InternalHttpClient.doExecute(InternalHttpClient.java:158) ~[httpclient5-5.1.2.jar:5.1.2]
	... 8 more
2022-02-02T11:05:33,968 ERROR [Crawler 6] RobotstxtServer(168): Error occurred while fetching (robots) url: http:/robots.txt/
org.apache.hc.client5.http.ClientProtocolException: Target host is not specified
	at org.apache.hc.client5.http.impl.classic.InternalHttpClient.doExecute(InternalHttpClient.java:173) ~[httpclient5-5.1.2.jar:5.1.2]
	at org.apache.hc.client5.http.impl.classic.CloseableHttpClient.execute(CloseableHttpClient.java:75) ~[httpclient5-5.1.2.jar:5.1.2]
	at org.apache.hc.client5.http.impl.classic.CloseableHttpClient.execute(CloseableHttpClient.java:89) ~[httpclient5-5.1.2.jar:5.1.2]
	at edu.uci.ics.crawler4j.fetcher.PageFetcher.fetchPage(PageFetcher.java:268) ~[crawler4j-core-4.8.0-SNAPSHOT.jar:?]
	at edu.uci.ics.crawler4j.robotstxt.RobotstxtServer.fetchDirectives(RobotstxtServer.java:124) [crawler4j-core-4.8.0-SNAPSHOT.jar:?]
	at edu.uci.ics.crawler4j.robotstxt.RobotstxtServer.allows(RobotstxtServer.java:99) [crawler4j-core-4.8.0-SNAPSHOT.jar:?]
	at edu.uci.ics.crawler4j.crawler.WebCrawler.processPage(WebCrawler.java:528) [crawler4j-core-4.8.0-SNAPSHOT.jar:?]
	at edu.uci.ics.crawler4j.crawler.WebCrawler.run(WebCrawler.java:338) [crawler4j-core-4.8.0-SNAPSHOT.jar:?]
	at java.lang.Thread.run(Thread.java:833) [?:?]
Caused by: org.apache.hc.core5.http.ProtocolException: Target host is not specified
	at org.apache.hc.client5.http.impl.routing.DefaultRoutePlanner.determineRoute(DefaultRoutePlanner.java:65) ~[httpclient5-5.1.2.jar:5.1.2]
	at org.apache.hc.client5.http.impl.classic.InternalHttpClient.determineRoute(InternalHttpClient.java:120) ~[httpclient5-5.1.2.jar:5.1.2]
	at org.apache.hc.client5.http.impl.classic.InternalHttpClient.doExecute(InternalHttpClient.java:158) ~[httpclient5-5.1.2.jar:5.1.2]
	... 8 more
2022-02-02T11:05:43,573 ERROR [Crawler 7] RobotstxtServer(168): Error occurred while fetching (robots) url: http:/
org.apache.hc.client5.http.ClientProtocolException: Target host is not specified
	at org.apache.hc.client5.http.impl.classic.InternalHttpClient.doExecute(InternalHttpClient.java:173) ~[httpclient5-5.1.2.jar:5.1.2]
	at org.apache.hc.client5.http.impl.classic.CloseableHttpClient.execute(CloseableHttpClient.java:75) ~[httpclient5-5.1.2.jar:5.1.2]
	at org.apache.hc.client5.http.impl.classic.CloseableHttpClient.execute(CloseableHttpClient.java:89) ~[httpclient5-5.1.2.jar:5.1.2]
	at edu.uci.ics.crawler4j.fetcher.PageFetcher.fetchPage(PageFetcher.java:268) ~[crawler4j-core-4.8.0-SNAPSHOT.jar:?]
	at edu.uci.ics.crawler4j.robotstxt.RobotstxtServer.fetchDirectives(RobotstxtServer.java:124) [crawler4j-core-4.8.0-SNAPSHOT.jar:?]
	at edu.uci.ics.crawler4j.robotstxt.RobotstxtServer.allows(RobotstxtServer.java:99) [crawler4j-core-4.8.0-SNAPSHOT.jar:?]
	at edu.uci.ics.crawler4j.crawler.WebCrawler.processPage(WebCrawler.java:528) [crawler4j-core-4.8.0-SNAPSHOT.jar:?]
	at edu.uci.ics.crawler4j.crawler.WebCrawler.run(WebCrawler.java:338) [crawler4j-core-4.8.0-SNAPSHOT.jar:?]
	at java.lang.Thread.run(Thread.java:833) [?:?]
Caused by: org.apache.hc.core5.http.ProtocolException: Target host is not specified
	at org.apache.hc.client5.http.impl.routing.DefaultRoutePlanner.determineRoute(DefaultRoutePlanner.java:65) ~[httpclient5-5.1.2.jar:5.1.2]
	at org.apache.hc.client5.http.impl.classic.InternalHttpClient.determineRoute(InternalHttpClient.java:120) ~[httpclient5-5.1.2.jar:5.1.2]
	at org.apache.hc.client5.http.impl.classic.InternalHttpClient.doExecute(InternalHttpClient.java:158) ~[httpclient5-5.1.2.jar:5.1.2]
	... 8 more
2022-02-02T11:05:54,895 ERROR [Crawler 5] RobotstxtServer(173): Error occurred while fetching (robots) url: http://='\n'+csstext;lastcssbuffer.callbacks.push/robots.txt
java.lang.IllegalArgumentException: Illegal character in authority at index 7: http://='\n'+csstext;lastcssbuffer.callbacks.push/robots.txt
	at java.net.URI.create(URI.java:906) ~[?:?]
	at org.apache.hc.client5.http.classic.methods.HttpGet.<init>(HttpGet.java:60) ~[httpclient5-5.1.2.jar:5.1.2]
	at edu.uci.ics.crawler4j.fetcher.PageFetcher.newHttpUriRequest(PageFetcher.java:343) ~[crawler4j-core-4.8.0-SNAPSHOT.jar:?]
	at edu.uci.ics.crawler4j.fetcher.PageFetcher.fetchPage(PageFetcher.java:256) ~[crawler4j-core-4.8.0-SNAPSHOT.jar:?]
	at edu.uci.ics.crawler4j.robotstxt.RobotstxtServer.fetchDirectives(RobotstxtServer.java:124) [crawler4j-core-4.8.0-SNAPSHOT.jar:?]
	at edu.uci.ics.crawler4j.robotstxt.RobotstxtServer.allows(RobotstxtServer.java:99) [crawler4j-core-4.8.0-SNAPSHOT.jar:?]
	at edu.uci.ics.crawler4j.crawler.WebCrawler.processPage(WebCrawler.java:528) [crawler4j-core-4.8.0-SNAPSHOT.jar:?]
	at edu.uci.ics.crawler4j.crawler.WebCrawler.run(WebCrawler.java:338) [crawler4j-core-4.8.0-SNAPSHOT.jar:?]
	at java.lang.Thread.run(Thread.java:833) [?:?]
Caused by: java.net.URISyntaxException: Illegal character in authority at index 7: http://='\n'+csstext;lastcssbuffer.callbacks.push/robots.txt
	at java.net.URI$Parser.fail(URI.java:2974) ~[?:?]
	at java.net.URI$Parser.parseAuthority(URI.java:3308) ~[?:?]
	at java.net.URI$Parser.parseHierarchical(URI.java:3219) ~[?:?]
	at java.net.URI$Parser.parse(URI.java:3175) ~[?:?]
	at java.net.URI.<init>(URI.java:623) ~[?:?]
	at java.net.URI.create(URI.java:904) ~[?:?]
	... 8 more
2022-02-02T11:06:00,780 ERROR [Crawler 7] RobotstxtServer(168): Error occurred while fetching (robots) url: http:/
org.apache.hc.client5.http.ClientProtocolException: Target host is not specified
	at org.apache.hc.client5.http.impl.classic.InternalHttpClient.doExecute(InternalHttpClient.java:173) ~[httpclient5-5.1.2.jar:5.1.2]
	at org.apache.hc.client5.http.impl.classic.CloseableHttpClient.execute(CloseableHttpClient.java:75) ~[httpclient5-5.1.2.jar:5.1.2]
	at org.apache.hc.client5.http.impl.classic.CloseableHttpClient.execute(CloseableHttpClient.java:89) ~[httpclient5-5.1.2.jar:5.1.2]
	at edu.uci.ics.crawler4j.fetcher.PageFetcher.fetchPage(PageFetcher.java:268) ~[crawler4j-core-4.8.0-SNAPSHOT.jar:?]
	at edu.uci.ics.crawler4j.robotstxt.RobotstxtServer.fetchDirectives(RobotstxtServer.java:124) [crawler4j-core-4.8.0-SNAPSHOT.jar:?]
	at edu.uci.ics.crawler4j.robotstxt.RobotstxtServer.allows(RobotstxtServer.java:99) [crawler4j-core-4.8.0-SNAPSHOT.jar:?]
	at edu.uci.ics.crawler4j.crawler.WebCrawler.processPage(WebCrawler.java:528) [crawler4j-core-4.8.0-SNAPSHOT.jar:?]
	at edu.uci.ics.crawler4j.crawler.WebCrawler.run(WebCrawler.java:338) [crawler4j-core-4.8.0-SNAPSHOT.jar:?]
	at java.lang.Thread.run(Thread.java:833) [?:?]
Caused by: org.apache.hc.core5.http.ProtocolException: Target host is not specified
	at org.apache.hc.client5.http.impl.routing.DefaultRoutePlanner.determineRoute(DefaultRoutePlanner.java:65) ~[httpclient5-5.1.2.jar:5.1.2]
	at org.apache.hc.client5.http.impl.classic.InternalHttpClient.determineRoute(InternalHttpClient.java:120) ~[httpclient5-5.1.2.jar:5.1.2]
	at org.apache.hc.client5.http.impl.classic.InternalHttpClient.doExecute(InternalHttpClient.java:158) ~[httpclient5-5.1.2.jar:5.1.2]
	... 8 more
2022-02-02T11:06:07,830 ERROR [Crawler 5] RobotstxtServer(173): Error occurred while fetching (robots) url: http://modulename){if(mw.loader.getstate/robots.txt
java.lang.IllegalArgumentException: Illegal character in authority at index 7: http://modulename){if(mw.loader.getstate/robots.txt
	at java.net.URI.create(URI.java:906) ~[?:?]
	at org.apache.hc.client5.http.classic.methods.HttpGet.<init>(HttpGet.java:60) ~[httpclient5-5.1.2.jar:5.1.2]
	at edu.uci.ics.crawler4j.fetcher.PageFetcher.newHttpUriRequest(PageFetcher.java:343) ~[crawler4j-core-4.8.0-SNAPSHOT.jar:?]
	at edu.uci.ics.crawler4j.fetcher.PageFetcher.fetchPage(PageFetcher.java:256) ~[crawler4j-core-4.8.0-SNAPSHOT.jar:?]
	at edu.uci.ics.crawler4j.robotstxt.RobotstxtServer.fetchDirectives(RobotstxtServer.java:124) [crawler4j-core-4.8.0-SNAPSHOT.jar:?]
	at edu.uci.ics.crawler4j.robotstxt.RobotstxtServer.allows(RobotstxtServer.java:99) [crawler4j-core-4.8.0-SNAPSHOT.jar:?]
	at edu.uci.ics.crawler4j.crawler.WebCrawler.processPage(WebCrawler.java:528) [crawler4j-core-4.8.0-SNAPSHOT.jar:?]
	at edu.uci.ics.crawler4j.crawler.WebCrawler.run(WebCrawler.java:338) [crawler4j-core-4.8.0-SNAPSHOT.jar:?]
	at java.lang.Thread.run(Thread.java:833) [?:?]
Caused by: java.net.URISyntaxException: Illegal character in authority at index 7: http://modulename){if(mw.loader.getstate/robots.txt
	at java.net.URI$Parser.fail(URI.java:2974) ~[?:?]
	at java.net.URI$Parser.parseAuthority(URI.java:3308) ~[?:?]
	at java.net.URI$Parser.parseHierarchical(URI.java:3219) ~[?:?]
	at java.net.URI$Parser.parse(URI.java:3175) ~[?:?]
	at java.net.URI.<init>(URI.java:623) ~[?:?]
	at java.net.URI.create(URI.java:904) ~[?:?]
	... 8 more
2022-02-02T11:06:25,949 ERROR [Crawler 5] RobotstxtServer(173): Error occurred while fetching (robots) url: http://=='es6error'){mw.log.warn/robots.txt
java.lang.IllegalArgumentException: Illegal character in authority at index 7: http://=='es6error'){mw.log.warn/robots.txt
	at java.net.URI.create(URI.java:906) ~[?:?]
	at org.apache.hc.client5.http.classic.methods.HttpGet.<init>(HttpGet.java:60) ~[httpclient5-5.1.2.jar:5.1.2]
	at edu.uci.ics.crawler4j.fetcher.PageFetcher.newHttpUriRequest(PageFetcher.java:343) ~[crawler4j-core-4.8.0-SNAPSHOT.jar:?]
	at edu.uci.ics.crawler4j.fetcher.PageFetcher.fetchPage(PageFetcher.java:256) ~[crawler4j-core-4.8.0-SNAPSHOT.jar:?]
	at edu.uci.ics.crawler4j.robotstxt.RobotstxtServer.fetchDirectives(RobotstxtServer.java:124) [crawler4j-core-4.8.0-SNAPSHOT.jar:?]
	at edu.uci.ics.crawler4j.robotstxt.RobotstxtServer.allows(RobotstxtServer.java:99) [crawler4j-core-4.8.0-SNAPSHOT.jar:?]
	at edu.uci.ics.crawler4j.crawler.WebCrawler.processPage(WebCrawler.java:528) [crawler4j-core-4.8.0-SNAPSHOT.jar:?]
	at edu.uci.ics.crawler4j.crawler.WebCrawler.run(WebCrawler.java:338) [crawler4j-core-4.8.0-SNAPSHOT.jar:?]
	at java.lang.Thread.run(Thread.java:833) [?:?]
Caused by: java.net.URISyntaxException: Illegal character in authority at index 7: http://=='es6error'){mw.log.warn/robots.txt
	at java.net.URI$Parser.fail(URI.java:2974) ~[?:?]
	at java.net.URI$Parser.parseAuthority(URI.java:3308) ~[?:?]
	at java.net.URI$Parser.parseHierarchical(URI.java:3219) ~[?:?]
	at java.net.URI$Parser.parse(URI.java:3175) ~[?:?]
	at java.net.URI.<init>(URI.java:623) ~[?:?]
	at java.net.URI.create(URI.java:904) ~[?:?]
	... 8 more
2022-02-02T11:06:44,403 ERROR [Crawler 2] RobotstxtServer(168): Error occurred while fetching (robots) url: http:///robots.txt
org.apache.hc.client5.http.ClientProtocolException: Target host is not specified
	at org.apache.hc.client5.http.impl.classic.InternalHttpClient.doExecute(InternalHttpClient.java:173) ~[httpclient5-5.1.2.jar:5.1.2]
	at org.apache.hc.client5.http.impl.classic.CloseableHttpClient.execute(CloseableHttpClient.java:75) ~[httpclient5-5.1.2.jar:5.1.2]
	at org.apache.hc.client5.http.impl.classic.CloseableHttpClient.execute(CloseableHttpClient.java:89) ~[httpclient5-5.1.2.jar:5.1.2]
	at edu.uci.ics.crawler4j.fetcher.PageFetcher.fetchPage(PageFetcher.java:268) ~[crawler4j-core-4.8.0-SNAPSHOT.jar:?]
	at edu.uci.ics.crawler4j.robotstxt.RobotstxtServer.fetchDirectives(RobotstxtServer.java:124) [crawler4j-core-4.8.0-SNAPSHOT.jar:?]
	at edu.uci.ics.crawler4j.robotstxt.RobotstxtServer.allows(RobotstxtServer.java:99) [crawler4j-core-4.8.0-SNAPSHOT.jar:?]
	at edu.uci.ics.crawler4j.crawler.WebCrawler.processPage(WebCrawler.java:461) [crawler4j-core-4.8.0-SNAPSHOT.jar:?]
	at edu.uci.ics.crawler4j.crawler.WebCrawler.run(WebCrawler.java:338) [crawler4j-core-4.8.0-SNAPSHOT.jar:?]
	at java.lang.Thread.run(Thread.java:833) [?:?]
Caused by: org.apache.hc.core5.http.ProtocolException: Target host is not specified
	at org.apache.hc.client5.http.impl.routing.DefaultRoutePlanner.determineRoute(DefaultRoutePlanner.java:65) ~[httpclient5-5.1.2.jar:5.1.2]
	at org.apache.hc.client5.http.impl.classic.InternalHttpClient.determineRoute(InternalHttpClient.java:120) ~[httpclient5-5.1.2.jar:5.1.2]
	at org.apache.hc.client5.http.impl.classic.InternalHttpClient.doExecute(InternalHttpClient.java:158) ~[httpclient5-5.1.2.jar:5.1.2]
	... 8 more
2022-02-02T11:08:02,488 ERROR [Crawler 5] RobotstxtServer(173): Error occurred while fetching (robots) url: http://!==key){this.stats.expired/robots.txt
java.lang.IllegalArgumentException: Illegal character in authority at index 7: http://!==key){this.stats.expired/robots.txt
	at java.net.URI.create(URI.java:906) ~[?:?]
	at org.apache.hc.client5.http.classic.methods.HttpGet.<init>(HttpGet.java:60) ~[httpclient5-5.1.2.jar:5.1.2]
	at edu.uci.ics.crawler4j.fetcher.PageFetcher.newHttpUriRequest(PageFetcher.java:343) ~[crawler4j-core-4.8.0-SNAPSHOT.jar:?]
	at edu.uci.ics.crawler4j.fetcher.PageFetcher.fetchPage(PageFetcher.java:256) ~[crawler4j-core-4.8.0-SNAPSHOT.jar:?]
	at edu.uci.ics.crawler4j.robotstxt.RobotstxtServer.fetchDirectives(RobotstxtServer.java:124) [crawler4j-core-4.8.0-SNAPSHOT.jar:?]
	at edu.uci.ics.crawler4j.robotstxt.RobotstxtServer.allows(RobotstxtServer.java:99) [crawler4j-core-4.8.0-SNAPSHOT.jar:?]
	at edu.uci.ics.crawler4j.crawler.WebCrawler.processPage(WebCrawler.java:528) [crawler4j-core-4.8.0-SNAPSHOT.jar:?]
	at edu.uci.ics.crawler4j.crawler.WebCrawler.run(WebCrawler.java:338) [crawler4j-core-4.8.0-SNAPSHOT.jar:?]
	at java.lang.Thread.run(Thread.java:833) [?:?]
Caused by: java.net.URISyntaxException: Illegal character in authority at index 7: http://!==key){this.stats.expired/robots.txt
	at java.net.URI$Parser.fail(URI.java:2974) ~[?:?]
	at java.net.URI$Parser.parseAuthority(URI.java:3308) ~[?:?]
	at java.net.URI$Parser.parseHierarchical(URI.java:3219) ~[?:?]
	at java.net.URI$Parser.parse(URI.java:3175) ~[?:?]
	at java.net.URI.<init>(URI.java:623) ~[?:?]
	at java.net.URI.create(URI.java:904) ~[?:?]
	... 8 more
2022-02-02T11:08:05,447 ERROR [Crawler 7] RobotstxtServer(168): Error occurred while fetching (robots) url: http:/index.php?id=968&option=com_content&view=article
org.apache.hc.client5.http.ClientProtocolException: Target host is not specified
	at org.apache.hc.client5.http.impl.classic.InternalHttpClient.doExecute(InternalHttpClient.java:173) ~[httpclient5-5.1.2.jar:5.1.2]
	at org.apache.hc.client5.http.impl.classic.CloseableHttpClient.execute(CloseableHttpClient.java:75) ~[httpclient5-5.1.2.jar:5.1.2]
	at org.apache.hc.client5.http.impl.classic.CloseableHttpClient.execute(CloseableHttpClient.java:89) ~[httpclient5-5.1.2.jar:5.1.2]
	at edu.uci.ics.crawler4j.fetcher.PageFetcher.fetchPage(PageFetcher.java:268) ~[crawler4j-core-4.8.0-SNAPSHOT.jar:?]
	at edu.uci.ics.crawler4j.robotstxt.RobotstxtServer.fetchDirectives(RobotstxtServer.java:124) [crawler4j-core-4.8.0-SNAPSHOT.jar:?]
	at edu.uci.ics.crawler4j.robotstxt.RobotstxtServer.allows(RobotstxtServer.java:99) [crawler4j-core-4.8.0-SNAPSHOT.jar:?]
	at edu.uci.ics.crawler4j.crawler.WebCrawler.processPage(WebCrawler.java:528) [crawler4j-core-4.8.0-SNAPSHOT.jar:?]
	at edu.uci.ics.crawler4j.crawler.WebCrawler.run(WebCrawler.java:338) [crawler4j-core-4.8.0-SNAPSHOT.jar:?]
	at java.lang.Thread.run(Thread.java:833) [?:?]
Caused by: org.apache.hc.core5.http.ProtocolException: Target host is not specified
	at org.apache.hc.client5.http.impl.routing.DefaultRoutePlanner.determineRoute(DefaultRoutePlanner.java:65) ~[httpclient5-5.1.2.jar:5.1.2]
	at org.apache.hc.client5.http.impl.classic.InternalHttpClient.determineRoute(InternalHttpClient.java:120) ~[httpclient5-5.1.2.jar:5.1.2]
	at org.apache.hc.client5.http.impl.classic.InternalHttpClient.doExecute(InternalHttpClient.java:158) ~[httpclient5-5.1.2.jar:5.1.2]
	... 8 more
2022-02-02T11:08:24,502 ERROR [Crawler 4] RobotstxtServer(173): Error occurred while fetching (robots) url: http://nextnode);}else{document.head.appendchild/robots.txt
java.lang.IllegalArgumentException: Illegal character in authority at index 7: http://nextnode);}else{document.head.appendchild/robots.txt
	at java.net.URI.create(URI.java:906) ~[?:?]
	at org.apache.hc.client5.http.classic.methods.HttpGet.<init>(HttpGet.java:60) ~[httpclient5-5.1.2.jar:5.1.2]
	at edu.uci.ics.crawler4j.fetcher.PageFetcher.newHttpUriRequest(PageFetcher.java:343) ~[crawler4j-core-4.8.0-SNAPSHOT.jar:?]
	at edu.uci.ics.crawler4j.fetcher.PageFetcher.fetchPage(PageFetcher.java:256) ~[crawler4j-core-4.8.0-SNAPSHOT.jar:?]
	at edu.uci.ics.crawler4j.robotstxt.RobotstxtServer.fetchDirectives(RobotstxtServer.java:124) [crawler4j-core-4.8.0-SNAPSHOT.jar:?]
	at edu.uci.ics.crawler4j.robotstxt.RobotstxtServer.allows(RobotstxtServer.java:99) [crawler4j-core-4.8.0-SNAPSHOT.jar:?]
	at edu.uci.ics.crawler4j.crawler.WebCrawler.processPage(WebCrawler.java:528) [crawler4j-core-4.8.0-SNAPSHOT.jar:?]
	at edu.uci.ics.crawler4j.crawler.WebCrawler.run(WebCrawler.java:338) [crawler4j-core-4.8.0-SNAPSHOT.jar:?]
	at java.lang.Thread.run(Thread.java:833) [?:?]
Caused by: java.net.URISyntaxException: Illegal character in authority at index 7: http://nextnode);}else{document.head.appendchild/robots.txt
	at java.net.URI$Parser.fail(URI.java:2974) ~[?:?]
	at java.net.URI$Parser.parseAuthority(URI.java:3308) ~[?:?]
	at java.net.URI$Parser.parseHierarchical(URI.java:3219) ~[?:?]
	at java.net.URI$Parser.parse(URI.java:3175) ~[?:?]
	at java.net.URI.<init>(URI.java:623) ~[?:?]
	at java.net.URI.create(URI.java:904) ~[?:?]
	... 8 more
2022-02-02T11:08:31,658 ERROR [Crawler 1] RobotstxtServer(168): Error occurred while fetching (robots) url: http:/error404.do
org.apache.hc.client5.http.ClientProtocolException: Target host is not specified
	at org.apache.hc.client5.http.impl.classic.InternalHttpClient.doExecute(InternalHttpClient.java:173) ~[httpclient5-5.1.2.jar:5.1.2]
	at org.apache.hc.client5.http.impl.classic.CloseableHttpClient.execute(CloseableHttpClient.java:75) ~[httpclient5-5.1.2.jar:5.1.2]
	at org.apache.hc.client5.http.impl.classic.CloseableHttpClient.execute(CloseableHttpClient.java:89) ~[httpclient5-5.1.2.jar:5.1.2]
	at edu.uci.ics.crawler4j.fetcher.PageFetcher.fetchPage(PageFetcher.java:268) ~[crawler4j-core-4.8.0-SNAPSHOT.jar:?]
	at edu.uci.ics.crawler4j.robotstxt.RobotstxtServer.fetchDirectives(RobotstxtServer.java:124) [crawler4j-core-4.8.0-SNAPSHOT.jar:?]
	at edu.uci.ics.crawler4j.robotstxt.RobotstxtServer.allows(RobotstxtServer.java:99) [crawler4j-core-4.8.0-SNAPSHOT.jar:?]
	at edu.uci.ics.crawler4j.crawler.WebCrawler.processPage(WebCrawler.java:528) [crawler4j-core-4.8.0-SNAPSHOT.jar:?]
	at edu.uci.ics.crawler4j.crawler.WebCrawler.run(WebCrawler.java:338) [crawler4j-core-4.8.0-SNAPSHOT.jar:?]
	at java.lang.Thread.run(Thread.java:833) [?:?]
Caused by: org.apache.hc.core5.http.ProtocolException: Target host is not specified
	at org.apache.hc.client5.http.impl.routing.DefaultRoutePlanner.determineRoute(DefaultRoutePlanner.java:65) ~[httpclient5-5.1.2.jar:5.1.2]
	at org.apache.hc.client5.http.impl.classic.InternalHttpClient.determineRoute(InternalHttpClient.java:120) ~[httpclient5-5.1.2.jar:5.1.2]
	at org.apache.hc.client5.http.impl.classic.InternalHttpClient.doExecute(InternalHttpClient.java:158) ~[httpclient5-5.1.2.jar:5.1.2]
	... 8 more
2022-02-02T11:09:00,072 ERROR [Crawler 4] RobotstxtServer(173): Error occurred while fetching (robots) url: http://170,"mw.config.values.wbrepo/robots.txt
java.lang.IllegalArgumentException: Illegal character in authority at index 7: http://170,"mw.config.values.wbrepo/robots.txt
	at java.net.URI.create(URI.java:906) ~[?:?]
	at org.apache.hc.client5.http.classic.methods.HttpGet.<init>(HttpGet.java:60) ~[httpclient5-5.1.2.jar:5.1.2]
	at edu.uci.ics.crawler4j.fetcher.PageFetcher.newHttpUriRequest(PageFetcher.java:343) ~[crawler4j-core-4.8.0-SNAPSHOT.jar:?]
	at edu.uci.ics.crawler4j.fetcher.PageFetcher.fetchPage(PageFetcher.java:256) ~[crawler4j-core-4.8.0-SNAPSHOT.jar:?]
	at edu.uci.ics.crawler4j.robotstxt.RobotstxtServer.fetchDirectives(RobotstxtServer.java:124) [crawler4j-core-4.8.0-SNAPSHOT.jar:?]
	at edu.uci.ics.crawler4j.robotstxt.RobotstxtServer.allows(RobotstxtServer.java:99) [crawler4j-core-4.8.0-SNAPSHOT.jar:?]
	at edu.uci.ics.crawler4j.crawler.WebCrawler.processPage(WebCrawler.java:528) [crawler4j-core-4.8.0-SNAPSHOT.jar:?]
	at edu.uci.ics.crawler4j.crawler.WebCrawler.run(WebCrawler.java:338) [crawler4j-core-4.8.0-SNAPSHOT.jar:?]
	at java.lang.Thread.run(Thread.java:833) [?:?]
Caused by: java.net.URISyntaxException: Illegal character in authority at index 7: http://170,"mw.config.values.wbrepo/robots.txt
	at java.net.URI$Parser.fail(URI.java:2974) ~[?:?]
	at java.net.URI$Parser.parseAuthority(URI.java:3308) ~[?:?]
	at java.net.URI$Parser.parseHierarchical(URI.java:3219) ~[?:?]
	at java.net.URI$Parser.parse(URI.java:3175) ~[?:?]
	at java.net.URI.<init>(URI.java:623) ~[?:?]
	at java.net.URI.create(URI.java:904) ~[?:?]
	... 8 more
2022-02-02T11:09:01,581 ERROR [Crawler 7] RobotstxtServer(168): Error occurred while fetching (robots) url: https://www.uni-goettingen.de/robots.txt
javax.net.ssl.SSLProtocolException: The size of the handshake message (32840) exceeds the maximum allowed size (32768)
	at sun.security.ssl.SSLSocketInputRecord.decodeInputRecord(SSLSocketInputRecord.java:314) ~[?:?]
	at sun.security.ssl.SSLSocketInputRecord.decode(SSLSocketInputRecord.java:181) ~[?:?]
	at sun.security.ssl.SSLTransport.decode(SSLTransport.java:111) ~[?:?]
	at sun.security.ssl.SSLSocketImpl.decode(SSLSocketImpl.java:1500) ~[?:?]
	at sun.security.ssl.SSLSocketImpl.readHandshakeRecord(SSLSocketImpl.java:1415) ~[?:?]
	at sun.security.ssl.SSLSocketImpl.startHandshake(SSLSocketImpl.java:450) ~[?:?]
	at sun.security.ssl.SSLSocketImpl.startHandshake(SSLSocketImpl.java:421) ~[?:?]
	at org.apache.hc.client5.http.ssl.SSLConnectionSocketFactory.createLayeredSocket(SSLConnectionSocketFactory.java:273) ~[httpclient5-5.1.2.jar:5.1.2]
	at edu.uci.ics.crawler4j.fetcher.SniSSLConnectionSocketFactory.createLayeredSocket(SniSSLConnectionSocketFactory.java:62) ~[crawler4j-core-4.8.0-SNAPSHOT.jar:?]
	at org.apache.hc.client5.http.ssl.SSLConnectionSocketFactory.connectSocket(SSLConnectionSocketFactory.java:241) ~[httpclient5-5.1.2.jar:5.1.2]
	at org.apache.hc.client5.http.impl.io.DefaultHttpClientConnectionOperator.connect(DefaultHttpClientConnectionOperator.java:148) ~[httpclient5-5.1.2.jar:5.1.2]
	at org.apache.hc.client5.http.impl.io.PoolingHttpClientConnectionManager.connect(PoolingHttpClientConnectionManager.java:396) ~[httpclient5-5.1.2.jar:5.1.2]
	at edu.uci.ics.crawler4j.fetcher.SniPoolingHttpClientConnectionManager.connect(SniPoolingHttpClientConnectionManager.java:71) ~[crawler4j-core-4.8.0-SNAPSHOT.jar:?]
	at org.apache.hc.client5.http.impl.classic.InternalExecRuntime.connectEndpoint(InternalExecRuntime.java:158) ~[httpclient5-5.1.2.jar:5.1.2]
	at org.apache.hc.client5.http.impl.classic.InternalExecRuntime.connectEndpoint(InternalExecRuntime.java:168) ~[httpclient5-5.1.2.jar:5.1.2]
	at org.apache.hc.client5.http.impl.classic.ConnectExec.execute(ConnectExec.java:136) ~[httpclient5-5.1.2.jar:5.1.2]
	at org.apache.hc.client5.http.impl.classic.ExecChainElement.execute(ExecChainElement.java:51) ~[httpclient5-5.1.2.jar:5.1.2]
	at org.apache.hc.client5.http.impl.classic.ExecChainElement$1.proceed(ExecChainElement.java:57) ~[httpclient5-5.1.2.jar:5.1.2]
	at org.apache.hc.client5.http.impl.classic.ProtocolExec.execute(ProtocolExec.java:175) ~[httpclient5-5.1.2.jar:5.1.2]
	at org.apache.hc.client5.http.impl.classic.ExecChainElement.execute(ExecChainElement.java:51) ~[httpclient5-5.1.2.jar:5.1.2]
	at org.apache.hc.client5.http.impl.classic.ExecChainElement$1.proceed(ExecChainElement.java:57) ~[httpclient5-5.1.2.jar:5.1.2]
	at org.apache.hc.client5.http.impl.classic.HttpRequestRetryExec.execute(HttpRequestRetryExec.java:96) ~[httpclient5-5.1.2.jar:5.1.2]
	at org.apache.hc.client5.http.impl.classic.ExecChainElement.execute(ExecChainElement.java:51) ~[httpclient5-5.1.2.jar:5.1.2]
	at org.apache.hc.client5.http.impl.classic.ExecChainElement$1.proceed(ExecChainElement.java:57) ~[httpclient5-5.1.2.jar:5.1.2]
	at org.apache.hc.client5.http.impl.classic.ContentCompressionExec.execute(ContentCompressionExec.java:133) ~[httpclient5-5.1.2.jar:5.1.2]
	at org.apache.hc.client5.http.impl.classic.ExecChainElement.execute(ExecChainElement.java:51) ~[httpclient5-5.1.2.jar:5.1.2]
	at org.apache.hc.client5.http.impl.classic.ExecChainElement$1.proceed(ExecChainElement.java:57) ~[httpclient5-5.1.2.jar:5.1.2]
	at org.apache.hc.client5.http.impl.classic.RedirectExec.execute(RedirectExec.java:115) ~[httpclient5-5.1.2.jar:5.1.2]
	at org.apache.hc.client5.http.impl.classic.ExecChainElement.execute(ExecChainElement.java:51) ~[httpclient5-5.1.2.jar:5.1.2]
	at org.apache.hc.client5.http.impl.classic.InternalHttpClient.doExecute(InternalHttpClient.java:170) ~[httpclient5-5.1.2.jar:5.1.2]
	at org.apache.hc.client5.http.impl.classic.CloseableHttpClient.execute(CloseableHttpClient.java:75) ~[httpclient5-5.1.2.jar:5.1.2]
	at org.apache.hc.client5.http.impl.classic.CloseableHttpClient.execute(CloseableHttpClient.java:89) ~[httpclient5-5.1.2.jar:5.1.2]
	at edu.uci.ics.crawler4j.fetcher.PageFetcher.fetchPage(PageFetcher.java:268) ~[crawler4j-core-4.8.0-SNAPSHOT.jar:?]
	at edu.uci.ics.crawler4j.robotstxt.RobotstxtServer.fetchDirectives(RobotstxtServer.java:124) [crawler4j-core-4.8.0-SNAPSHOT.jar:?]
	at edu.uci.ics.crawler4j.robotstxt.RobotstxtServer.allows(RobotstxtServer.java:99) [crawler4j-core-4.8.0-SNAPSHOT.jar:?]
	at edu.uci.ics.crawler4j.crawler.WebCrawler.processPage(WebCrawler.java:528) [crawler4j-core-4.8.0-SNAPSHOT.jar:?]
	at edu.uci.ics.crawler4j.crawler.WebCrawler.run(WebCrawler.java:338) [crawler4j-core-4.8.0-SNAPSHOT.jar:?]
	at java.lang.Thread.run(Thread.java:833) [?:?]
2022-02-02T11:09:25,134 ERROR [Crawler 5] RobotstxtServer(173): Error occurred while fetching (robots) url: http://;asynceval(storedimplementations,function(err){store.stats.failed/robots.txt
java.lang.IllegalArgumentException: Illegal character in authority at index 7: http://;asynceval(storedimplementations,function(err){store.stats.failed/robots.txt
	at java.net.URI.create(URI.java:906) ~[?:?]
	at org.apache.hc.client5.http.classic.methods.HttpGet.<init>(HttpGet.java:60) ~[httpclient5-5.1.2.jar:5.1.2]
	at edu.uci.ics.crawler4j.fetcher.PageFetcher.newHttpUriRequest(PageFetcher.java:343) ~[crawler4j-core-4.8.0-SNAPSHOT.jar:?]
	at edu.uci.ics.crawler4j.fetcher.PageFetcher.fetchPage(PageFetcher.java:256) ~[crawler4j-core-4.8.0-SNAPSHOT.jar:?]
	at edu.uci.ics.crawler4j.robotstxt.RobotstxtServer.fetchDirectives(RobotstxtServer.java:124) [crawler4j-core-4.8.0-SNAPSHOT.jar:?]
	at edu.uci.ics.crawler4j.robotstxt.RobotstxtServer.allows(RobotstxtServer.java:99) [crawler4j-core-4.8.0-SNAPSHOT.jar:?]
	at edu.uci.ics.crawler4j.crawler.WebCrawler.processPage(WebCrawler.java:528) [crawler4j-core-4.8.0-SNAPSHOT.jar:?]
	at edu.uci.ics.crawler4j.crawler.WebCrawler.run(WebCrawler.java:338) [crawler4j-core-4.8.0-SNAPSHOT.jar:?]
	at java.lang.Thread.run(Thread.java:833) [?:?]
Caused by: java.net.URISyntaxException: Illegal character in authority at index 7: http://;asynceval(storedimplementations,function(err){store.stats.failed/robots.txt
	at java.net.URI$Parser.fail(URI.java:2974) ~[?:?]
	at java.net.URI$Parser.parseAuthority(URI.java:3308) ~[?:?]
	at java.net.URI$Parser.parseHierarchical(URI.java:3219) ~[?:?]
	at java.net.URI$Parser.parse(URI.java:3175) ~[?:?]
	at java.net.URI.<init>(URI.java:623) ~[?:?]
	at java.net.URI.create(URI.java:904) ~[?:?]
	... 8 more
2022-02-02T11:09:29,690 ERROR [Crawler 5] RobotstxtServer(173): Error occurred while fetching (robots) url: http://store-localstorage-update'});}haspendingwrites=false;}mw.loader.store/robots.txt
java.lang.IllegalArgumentException: Illegal character in authority at index 7: http://store-localstorage-update'});}haspendingwrites=false;}mw.loader.store/robots.txt
	at java.net.URI.create(URI.java:906) ~[?:?]
	at org.apache.hc.client5.http.classic.methods.HttpGet.<init>(HttpGet.java:60) ~[httpclient5-5.1.2.jar:5.1.2]
	at edu.uci.ics.crawler4j.fetcher.PageFetcher.newHttpUriRequest(PageFetcher.java:343) ~[crawler4j-core-4.8.0-SNAPSHOT.jar:?]
	at edu.uci.ics.crawler4j.fetcher.PageFetcher.fetchPage(PageFetcher.java:256) ~[crawler4j-core-4.8.0-SNAPSHOT.jar:?]
	at edu.uci.ics.crawler4j.robotstxt.RobotstxtServer.fetchDirectives(RobotstxtServer.java:124) [crawler4j-core-4.8.0-SNAPSHOT.jar:?]
	at edu.uci.ics.crawler4j.robotstxt.RobotstxtServer.allows(RobotstxtServer.java:99) [crawler4j-core-4.8.0-SNAPSHOT.jar:?]
	at edu.uci.ics.crawler4j.crawler.WebCrawler.processPage(WebCrawler.java:528) [crawler4j-core-4.8.0-SNAPSHOT.jar:?]
	at edu.uci.ics.crawler4j.crawler.WebCrawler.run(WebCrawler.java:338) [crawler4j-core-4.8.0-SNAPSHOT.jar:?]
	at java.lang.Thread.run(Thread.java:833) [?:?]
Caused by: java.net.URISyntaxException: Illegal character in authority at index 7: http://store-localstorage-update'});}haspendingwrites=false;}mw.loader.store/robots.txt
	at java.net.URI$Parser.fail(URI.java:2974) ~[?:?]
	at java.net.URI$Parser.parseAuthority(URI.java:3308) ~[?:?]
	at java.net.URI$Parser.parseHierarchical(URI.java:3219) ~[?:?]
	at java.net.URI$Parser.parse(URI.java:3175) ~[?:?]
	at java.net.URI.<init>(URI.java:623) ~[?:?]
	at java.net.URI.create(URI.java:904) ~[?:?]
	... 8 more
2022-02-02T11:09:53,735 ERROR [Crawler 5] RobotstxtServer(173): Error occurred while fetching (robots) url: http://topic,data){mw.trackqueue.push/robots.txt
java.lang.IllegalArgumentException: Illegal character in authority at index 7: http://topic,data){mw.trackqueue.push/robots.txt
	at java.net.URI.create(URI.java:906) ~[?:?]
	at org.apache.hc.client5.http.classic.methods.HttpGet.<init>(HttpGet.java:60) ~[httpclient5-5.1.2.jar:5.1.2]
	at edu.uci.ics.crawler4j.fetcher.PageFetcher.newHttpUriRequest(PageFetcher.java:343) ~[crawler4j-core-4.8.0-SNAPSHOT.jar:?]
	at edu.uci.ics.crawler4j.fetcher.PageFetcher.fetchPage(PageFetcher.java:256) ~[crawler4j-core-4.8.0-SNAPSHOT.jar:?]
	at edu.uci.ics.crawler4j.robotstxt.RobotstxtServer.fetchDirectives(RobotstxtServer.java:124) [crawler4j-core-4.8.0-SNAPSHOT.jar:?]
	at edu.uci.ics.crawler4j.robotstxt.RobotstxtServer.allows(RobotstxtServer.java:99) [crawler4j-core-4.8.0-SNAPSHOT.jar:?]
	at edu.uci.ics.crawler4j.crawler.WebCrawler.processPage(WebCrawler.java:528) [crawler4j-core-4.8.0-SNAPSHOT.jar:?]
	at edu.uci.ics.crawler4j.crawler.WebCrawler.run(WebCrawler.java:338) [crawler4j-core-4.8.0-SNAPSHOT.jar:?]
	at java.lang.Thread.run(Thread.java:833) [?:?]
Caused by: java.net.URISyntaxException: Illegal character in authority at index 7: http://topic,data){mw.trackqueue.push/robots.txt
	at java.net.URI$Parser.fail(URI.java:2974) ~[?:?]
	at java.net.URI$Parser.parseAuthority(URI.java:3308) ~[?:?]
	at java.net.URI$Parser.parseHierarchical(URI.java:3219) ~[?:?]
	at java.net.URI$Parser.parse(URI.java:3175) ~[?:?]
	at java.net.URI.<init>(URI.java:623) ~[?:?]
	at java.net.URI.create(URI.java:904) ~[?:?]
	... 8 more
2022-02-02T11:09:54,153 ERROR [Crawler 5] RobotstxtServer(173): Error occurred while fetching (robots) url: http://{this.queue.push/robots.txt
java.lang.IllegalArgumentException: Illegal character in authority at index 7: http://{this.queue.push/robots.txt
	at java.net.URI.create(URI.java:906) ~[?:?]
	at org.apache.hc.client5.http.classic.methods.HttpGet.<init>(HttpGet.java:60) ~[httpclient5-5.1.2.jar:5.1.2]
	at edu.uci.ics.crawler4j.fetcher.PageFetcher.newHttpUriRequest(PageFetcher.java:343) ~[crawler4j-core-4.8.0-SNAPSHOT.jar:?]
	at edu.uci.ics.crawler4j.fetcher.PageFetcher.fetchPage(PageFetcher.java:256) ~[crawler4j-core-4.8.0-SNAPSHOT.jar:?]
	at edu.uci.ics.crawler4j.robotstxt.RobotstxtServer.fetchDirectives(RobotstxtServer.java:124) [crawler4j-core-4.8.0-SNAPSHOT.jar:?]
	at edu.uci.ics.crawler4j.robotstxt.RobotstxtServer.allows(RobotstxtServer.java:99) [crawler4j-core-4.8.0-SNAPSHOT.jar:?]
	at edu.uci.ics.crawler4j.crawler.WebCrawler.processPage(WebCrawler.java:528) [crawler4j-core-4.8.0-SNAPSHOT.jar:?]
	at edu.uci.ics.crawler4j.crawler.WebCrawler.run(WebCrawler.java:338) [crawler4j-core-4.8.0-SNAPSHOT.jar:?]
	at java.lang.Thread.run(Thread.java:833) [?:?]
Caused by: java.net.URISyntaxException: Illegal character in authority at index 7: http://{this.queue.push/robots.txt
	at java.net.URI$Parser.fail(URI.java:2974) ~[?:?]
	at java.net.URI$Parser.parseAuthority(URI.java:3308) ~[?:?]
	at java.net.URI$Parser.parseHierarchical(URI.java:3219) ~[?:?]
	at java.net.URI$Parser.parse(URI.java:3175) ~[?:?]
	at java.net.URI.<init>(URI.java:623) ~[?:?]
	at java.net.URI.create(URI.java:904) ~[?:?]
	... 8 more
2022-02-02T11:09:57,348 ERROR [Crawler 5] RobotstxtServer(103): Bad URL in Robots.txt: //meta.wikimedia.org/w/load.php"});mw.loader.register([["site","19l0v",[1]],["site.styles","tyms2",[],2],["filepage","g5bm6"],["user","s1wiu",[],0],["user.styles","smrj4",[],0],["user.options","1i9g4",[],1],[
java.net.MalformedURLException: no protocol: //meta.wikimedia.org/w/load.php"});mw.loader.register([["site","19l0v",[1]],["site.styles","tyms2",[],2],["filepage","g5bm6"],["user","s1wiu",[],0],["user.styles","smrj4",[],0],["user.options","1i9g4",[],1],[
	at java.net.URL.<init>(URL.java:674) ~[?:?]
	at java.net.URL.<init>(URL.java:569) ~[?:?]
	at java.net.URL.<init>(URL.java:516) ~[?:?]
	at edu.uci.ics.crawler4j.robotstxt.RobotstxtServer.allows(RobotstxtServer.java:87) [crawler4j-core-4.8.0-SNAPSHOT.jar:?]
	at edu.uci.ics.crawler4j.crawler.WebCrawler.processPage(WebCrawler.java:528) [crawler4j-core-4.8.0-SNAPSHOT.jar:?]
	at edu.uci.ics.crawler4j.crawler.WebCrawler.run(WebCrawler.java:338) [crawler4j-core-4.8.0-SNAPSHOT.jar:?]
	at java.lang.Thread.run(Thread.java:833) [?:?]
2022-02-02T11:10:00,759 ERROR [Crawler 4] RobotstxtServer(173): Error occurred while fetching (robots) url: http://{mw.templates.set/robots.txt
java.lang.IllegalArgumentException: Illegal character in authority at index 7: http://{mw.templates.set/robots.txt
	at java.net.URI.create(URI.java:906) ~[?:?]
	at org.apache.hc.client5.http.classic.methods.HttpGet.<init>(HttpGet.java:60) ~[httpclient5-5.1.2.jar:5.1.2]
	at edu.uci.ics.crawler4j.fetcher.PageFetcher.newHttpUriRequest(PageFetcher.java:343) ~[crawler4j-core-4.8.0-SNAPSHOT.jar:?]
	at edu.uci.ics.crawler4j.fetcher.PageFetcher.fetchPage(PageFetcher.java:256) ~[crawler4j-core-4.8.0-SNAPSHOT.jar:?]
	at edu.uci.ics.crawler4j.robotstxt.RobotstxtServer.fetchDirectives(RobotstxtServer.java:124) [crawler4j-core-4.8.0-SNAPSHOT.jar:?]
	at edu.uci.ics.crawler4j.robotstxt.RobotstxtServer.allows(RobotstxtServer.java:99) [crawler4j-core-4.8.0-SNAPSHOT.jar:?]
	at edu.uci.ics.crawler4j.crawler.WebCrawler.processPage(WebCrawler.java:528) [crawler4j-core-4.8.0-SNAPSHOT.jar:?]
	at edu.uci.ics.crawler4j.crawler.WebCrawler.run(WebCrawler.java:338) [crawler4j-core-4.8.0-SNAPSHOT.jar:?]
	at java.lang.Thread.run(Thread.java:833) [?:?]
Caused by: java.net.URISyntaxException: Illegal character in authority at index 7: http://{mw.templates.set/robots.txt
	at java.net.URI$Parser.fail(URI.java:2974) ~[?:?]
	at java.net.URI$Parser.parseAuthority(URI.java:3308) ~[?:?]
	at java.net.URI$Parser.parseHierarchical(URI.java:3219) ~[?:?]
	at java.net.URI$Parser.parse(URI.java:3175) ~[?:?]
	at java.net.URI.<init>(URI.java:623) ~[?:?]
	at java.net.URI.create(URI.java:904) ~[?:?]
	... 8 more
2022-02-02T11:10:19,358 ERROR [Crawler 4] RobotstxtServer(173): Error occurred while fetching (robots) url: http://){document.documentelement.classname/robots.txt
java.lang.IllegalArgumentException: Illegal character in authority at index 7: http://){document.documentelement.classname/robots.txt
	at java.net.URI.create(URI.java:906) ~[?:?]
	at org.apache.hc.client5.http.classic.methods.HttpGet.<init>(HttpGet.java:60) ~[httpclient5-5.1.2.jar:5.1.2]
	at edu.uci.ics.crawler4j.fetcher.PageFetcher.newHttpUriRequest(PageFetcher.java:343) ~[crawler4j-core-4.8.0-SNAPSHOT.jar:?]
	at edu.uci.ics.crawler4j.fetcher.PageFetcher.fetchPage(PageFetcher.java:256) ~[crawler4j-core-4.8.0-SNAPSHOT.jar:?]
	at edu.uci.ics.crawler4j.robotstxt.RobotstxtServer.fetchDirectives(RobotstxtServer.java:124) [crawler4j-core-4.8.0-SNAPSHOT.jar:?]
	at edu.uci.ics.crawler4j.robotstxt.RobotstxtServer.allows(RobotstxtServer.java:99) [crawler4j-core-4.8.0-SNAPSHOT.jar:?]
	at edu.uci.ics.crawler4j.crawler.WebCrawler.processPage(WebCrawler.java:528) [crawler4j-core-4.8.0-SNAPSHOT.jar:?]
	at edu.uci.ics.crawler4j.crawler.WebCrawler.run(WebCrawler.java:338) [crawler4j-core-4.8.0-SNAPSHOT.jar:?]
	at java.lang.Thread.run(Thread.java:833) [?:?]
Caused by: java.net.URISyntaxException: Illegal character in authority at index 7: http://){document.documentelement.classname/robots.txt
	at java.net.URI$Parser.fail(URI.java:2974) ~[?:?]
	at java.net.URI$Parser.parseAuthority(URI.java:3308) ~[?:?]
	at java.net.URI$Parser.parseHierarchical(URI.java:3219) ~[?:?]
	at java.net.URI$Parser.parse(URI.java:3175) ~[?:?]
	at java.net.URI.<init>(URI.java:623) ~[?:?]
	at java.net.URI.create(URI.java:904) ~[?:?]
	... 8 more
2022-02-02T11:10:33,168 ERROR [Crawler 4] RobotstxtServer(173): Error occurred while fetching (robots) url: http://{nextnode.parentnode.insertbefore/robots.txt
java.lang.IllegalArgumentException: Illegal character in authority at index 7: http://{nextnode.parentnode.insertbefore/robots.txt
	at java.net.URI.create(URI.java:906) ~[?:?]
	at org.apache.hc.client5.http.classic.methods.HttpGet.<init>(HttpGet.java:60) ~[httpclient5-5.1.2.jar:5.1.2]
	at edu.uci.ics.crawler4j.fetcher.PageFetcher.newHttpUriRequest(PageFetcher.java:343) ~[crawler4j-core-4.8.0-SNAPSHOT.jar:?]
	at edu.uci.ics.crawler4j.fetcher.PageFetcher.fetchPage(PageFetcher.java:256) ~[crawler4j-core-4.8.0-SNAPSHOT.jar:?]
	at edu.uci.ics.crawler4j.robotstxt.RobotstxtServer.fetchDirectives(RobotstxtServer.java:124) [crawler4j-core-4.8.0-SNAPSHOT.jar:?]
	at edu.uci.ics.crawler4j.robotstxt.RobotstxtServer.allows(RobotstxtServer.java:99) [crawler4j-core-4.8.0-SNAPSHOT.jar:?]
	at edu.uci.ics.crawler4j.crawler.WebCrawler.processPage(WebCrawler.java:528) [crawler4j-core-4.8.0-SNAPSHOT.jar:?]
	at edu.uci.ics.crawler4j.crawler.WebCrawler.run(WebCrawler.java:338) [crawler4j-core-4.8.0-SNAPSHOT.jar:?]
	at java.lang.Thread.run(Thread.java:833) [?:?]
Caused by: java.net.URISyntaxException: Illegal character in authority at index 7: http://{nextnode.parentnode.insertbefore/robots.txt
	at java.net.URI$Parser.fail(URI.java:2974) ~[?:?]
	at java.net.URI$Parser.parseAuthority(URI.java:3308) ~[?:?]
	at java.net.URI$Parser.parseHierarchical(URI.java:3219) ~[?:?]
	at java.net.URI$Parser.parse(URI.java:3175) ~[?:?]
	at java.net.URI.<init>(URI.java:623) ~[?:?]
	at java.net.URI.create(URI.java:904) ~[?:?]
	... 8 more
